<?xml version="1.0" encoding="UTF-8"?>
<testsuite xmlns:xsi="http://www.w3.org/2001/XMLSchema-instance" xsi:schemaLocation="https://maven.apache.org/surefire/maven-surefire-plugin/xsd/surefire-test-report.xsd" name="TestSuite.AllApiTest" time="34.427" tests="10" errors="8" skipped="0" failures="1">
  <properties>
    <property name="java.runtime.name" value="Java(TM) SE Runtime Environment"/>
    <property name="sun.boot.library.path" value="C:\Program Files (x86)\Java\jdk1.8.0_45\jre\bin"/>
    <property name="java.vm.version" value="25.45-b02"/>
    <property name="java.vm.vendor" value="Oracle Corporation"/>
    <property name="maven.multiModuleProjectDirectory" value="F:\cplatest\untitled"/>
    <property name="java.vendor.url" value="http://java.oracle.com/"/>
    <property name="path.separator" value=";"/>
    <property name="guice.disable.misplaced.annotation.check" value="true"/>
    <property name="java.vm.name" value="Java HotSpot(TM) Client VM"/>
    <property name="file.encoding.pkg" value="sun.io"/>
    <property name="user.script" value=""/>
    <property name="user.country" value="IN"/>
    <property name="sun.java.launcher" value="SUN_STANDARD"/>
    <property name="sun.os.patch.level" value="Service Pack 1"/>
    <property name="java.vm.specification.name" value="Java Virtual Machine Specification"/>
    <property name="user.dir" value="F:\cplatest\untitled"/>
    <property name="java.runtime.version" value="1.8.0_45-b14"/>
    <property name="java.awt.graphicsenv" value="sun.awt.Win32GraphicsEnvironment"/>
    <property name="java.endorsed.dirs" value="C:\Program Files (x86)\Java\jdk1.8.0_45\jre\lib\endorsed"/>
    <property name="os.arch" value="x86"/>
    <property name="java.io.tmpdir" value="C:\Users\SADASI~1.KUP\AppData\Local\Temp\"/>
    <property name="line.separator" value="&#10;"/>
    <property name="java.vm.specification.vendor" value="Oracle Corporation"/>
    <property name="user.variant" value=""/>
    <property name="os.name" value="Windows 7"/>
    <property name="classworlds.conf" value="D:\Selenium\apache-maven-3.3.9-bin\apache-maven-3.3.9\bin\m2.conf"/>
    <property name="sun.jnu.encoding" value="Cp1252"/>
    <property name="java.library.path" value="C:\Program Files (x86)\Java\jdk1.8.0_45\bin;C:\Windows\Sun\Java\bin;C:\Windows\system32;C:\Windows;C:\Program Files (x86)\Java\jdk1.8.0_45\bin;C:\ProgramData\Oracle\Java\javapath;c:\Program Files (x86)\Intel\iCLS Client\;c:\Program Files\Intel\iCLS Client\;C:\Windows\system32;C:\Windows;C:\Windows\System32\Wbem;C:\Windows\System32\WindowsPowerShell\v1.0\;C:\Program Files (x86)\Intel\OpenCL SDK\3.0\bin\x86;C:\Program Files (x86)\Intel\OpenCL SDK\3.0\bin\x64;C:\Program Files\Intel\Intel(R) Management Engine Components\DAL;C:\Program Files\Intel\Intel(R) Management Engine Components\IPT;C:\Program Files (x86)\Intel\Intel(R) Management Engine Components\DAL;C:\Program Files (x86)\Intel\Intel(R) Management Engine Components\IPT;F:\Sofwares\Ant\apache-ant-1.9.4\bin;C:\Program Files\TortoiseSVN\bin;c:\Program Files (x86)\Microsoft SQL Server\100\Tools\Binn\VSShell\Common7\IDE\;c:\Program Files (x86)\Microsoft SQL Server\100\Tools\Binn\;c:\Program Files\Microsoft SQL Server\100\Tools\Binn\;c:\Program Files (x86)\Microsoft SQL Server\100\DTS\Binn\;c:\python27\;c:\python27\scripts;C:\Program Files\Microsoft SQL Server\100\DTS\Binn\;C:\Program Files (x86)\Microsoft Visual Studio 9.0\Common7\IDE\PrivateAssemblies\;F:\Sofwares\Ant\apache-ant-1.9.4\bin;D:\Selenium\apache-maven-3.3.9-bin\apache-maven-3.3.9\bin;F:\cptest1\cptest\build\webdriver\phantomjs;C:\Users\sadasiva.kuppaswamy\AppData\Roaming\npm\node_modules;C:\Program Files\nodejs\;D:\Selenium\android-sdk_r24.0.2-windows\android-sdk-windows\platform-tools;D:\Selenium\android-sdk_r24.0.2-windows\android-sdk-windows\tools;C:\Program Files (x86)\Java\jdk1.8.0_45\bin;C:\ProgramData\Oracle\Java\javapath;c:\Program Files (x86)\Intel\iCLS Client\;c:\Program Files\Intel\iCLS Client\;C:\Windows\system32;C:\Windows;C:\Windows\System32\Wbem;C:\Windows\System32\WindowsPowerShell\v1.0\;C:\Program Files (x86)\Intel\OpenCL SDK\3.0\bin\x86;C:\Program Files (x86)\Intel\OpenCL SDK\3.0\bin\x64;C:\Program Files\Intel\Intel(R) Management Engine Components\DAL;C:\Program Files\Intel\Intel(R) Management Engine Components\IPT;C:\Program Files (x86)\Intel\Intel(R) Management Engine Components\DAL;C:\Program Files (x86)\Intel\Intel(R) Management Engine Components\IPT;F:\Sofwares\Ant\apache-ant-1.9.4\bin;C:\Program Files\TortoiseSVN\bin;c:\Program Files (x86)\Microsoft SQL Server\100\Tools\Binn\VSShell\Common7\IDE\;c:\Program Files (x86)\Microsoft SQL Server\100\Tools\Binn\;c:\Program Files\Microsoft SQL Server\100\Tools\Binn\;c:\Program Files (x86)\Microsoft SQL Server\100\DTS\Binn\;c:\python27\;c:\python27\scripts;C:\Program Files\Microsoft SQL Server\100\DTS\Binn\;C:\Program Files (x86)\Microsoft Visual Studio 9.0\Common7\IDE\PrivateAssemblies\;F:\Sofwares\Ant\apache-ant-1.9.4\bin;D:\Selenium\apache-maven-3.3.9-bin\apache-maven-3.3.9\bin;F:\cptest1\cptest\build\webdriver\phantomjs;C:\Users\sadasiva.kuppaswamy\AppData\Roaming\npm\node_modules;C:\Program Files\nodejs\;D:\Selenium\android-sdk_r24.0.2-windows\android-sdk-windows\platform-tools;D:\Selenium\android-sdk_r24.0.2-windows\android-sdk-windows\tools;C:\Program Files (x86)\Java\jdk1.8.0_45\bin;C:\ProgramData\Oracle\Java\javapath;c:\Program Files (x86)\Intel\iCLS Client\;c:\Program Files\Intel\iCLS Client\;C:\Windows\system32;C:\Windows;C:\Windows\System32\Wbem;C:\Windows\System32\WindowsPowerShell\v1.0\;C:\Program Files (x86)\Intel\OpenCL SDK\3.0\bin\x86;C:\Program Files (x86)\Intel\OpenCL SDK\3.0\bin\x64;C:\Program Files\Intel\Intel(R) Management Engine Components\DAL;C:\Program Files\Intel\Intel(R) Management Engine Components\IPT;C:\Program Files (x86)\Intel\Intel(R) Management Engine Components\DAL;C:\Program Files (x86)\Intel\Intel(R) Management Engine Components\IPT;F:\Sofwares\Ant\apache-ant-1.9.4\bin;C:\Program Files\TortoiseSVN\bin;c:\Program Files (x86)\Microsoft SQL Server\100\Tools\Binn\VSShell\Common7\IDE\;c:\Program Files (x86)\Microsoft SQL Server\100\Tools\Binn\;c:\Program Files\Microsoft SQL Server\100\Tools\Binn\;c:\Program Files (x86)\Microsoft SQL Server\100\DTS\Binn\;c:\python27\;c:\python27\scripts;C:\Program Files\Microsoft SQL Server\100\DTS\Binn\;C:\Program Files (x86)\Microsoft Visual Studio 9.0\Common7\IDE\PrivateAsse;C:\Users\sadasiva.kuppaswamy\Downloads\apache-groovy-binary-2.4.7\groovy-2.4.7\bin;C:\Users\sadasiva.kuppaswamy\AppData\Local\Continuum\Anaconda3;C:\Users\sadasiva.kuppaswamy\AppData\Local\Continuum\Anaconda3\Scripts;C:\Users\sadasiva.kuppaswamy\AppData\Local\Continuum\Anaconda3\Library\bin;C:\Program Files\Git\bin\git.exe;C:\Program Files\Git\cmd;C:\Users\sadasiva.kuppaswamy\AppData\Roaming\npm;."/>
    <property name="java.specification.name" value="Java Platform API Specification"/>
    <property name="java.class.version" value="52.0"/>
    <property name="sun.management.compiler" value="HotSpot Client Compiler"/>
    <property name="os.version" value="6.1"/>
    <property name="user.home" value="C:\Users\sadasiva.kuppaswamy"/>
    <property name="user.timezone" value="Asia/Calcutta"/>
    <property name="java.awt.printerjob" value="sun.awt.windows.WPrinterJob"/>
    <property name="java.specification.version" value="1.8"/>
    <property name="file.encoding" value="Cp1252"/>
    <property name="user.name" value="Sadasiva.Kuppaswamy"/>
    <property name="java.class.path" value="D:\Selenium\apache-maven-3.3.9-bin\apache-maven-3.3.9\boot\plexus-classworlds-2.5.2.jar"/>
    <property name="java.vm.specification.version" value="1.8"/>
    <property name="sun.arch.data.model" value="32"/>
    <property name="java.home" value="C:\Program Files (x86)\Java\jdk1.8.0_45\jre"/>
    <property name="sun.java.command" value="org.codehaus.plexus.classworlds.launcher.Launcher test -PAllApiTests"/>
    <property name="java.specification.vendor" value="Oracle Corporation"/>
    <property name="user.language" value="en"/>
    <property name="awt.toolkit" value="sun.awt.windows.WToolkit"/>
    <property name="java.vm.info" value="mixed mode, sharing"/>
    <property name="java.version" value="1.8.0_45"/>
    <property name="java.ext.dirs" value="C:\Program Files (x86)\Java\jdk1.8.0_45\jre\lib\ext;C:\Windows\Sun\Java\lib\ext"/>
    <property name="sun.boot.class.path" value="C:\Program Files (x86)\Java\jdk1.8.0_45\jre\lib\resources.jar;C:\Program Files (x86)\Java\jdk1.8.0_45\jre\lib\rt.jar;C:\Program Files (x86)\Java\jdk1.8.0_45\jre\lib\sunrsasign.jar;C:\Program Files (x86)\Java\jdk1.8.0_45\jre\lib\jsse.jar;C:\Program Files (x86)\Java\jdk1.8.0_45\jre\lib\jce.jar;C:\Program Files (x86)\Java\jdk1.8.0_45\jre\lib\charsets.jar;C:\Program Files (x86)\Java\jdk1.8.0_45\jre\lib\jfr.jar;C:\Program Files (x86)\Java\jdk1.8.0_45\jre\classes"/>
    <property name="sun.stderr.encoding" value="cp437"/>
    <property name="java.vendor" value="Oracle Corporation"/>
    <property name="maven.home" value="D:\Selenium\apache-maven-3.3.9-bin\apache-maven-3.3.9"/>
    <property name="file.separator" value="\"/>
    <property name="java.vendor.url.bug" value="http://bugreport.sun.com/bugreport/"/>
    <property name="sun.cpu.endian" value="little"/>
    <property name="sun.io.unicode.encoding" value="UnicodeLittle"/>
    <property name="sun.stdout.encoding" value="cp437"/>
    <property name="sun.desktop" value="windows"/>
    <property name="sun.cpu.isalist" value="pentium_pro+mmx pentium_pro pentium+mmx pentium i486 i386 i86"/>
  </properties>
  <testcase name="T01_StatusCodeTest" classname="ApiTests.Example1Test" time="3.789">
    <failure message="Status Check Failed! expected:&lt;200&gt; but was:&lt;400&gt;" type="java.lang.AssertionError"><![CDATA[java.lang.AssertionError: Status Check Failed! expected:<200> but was:<400>
	at ApiTests.Example1Test.T01_StatusCodeTest(Example1Test.java:38)
]]></failure>
  </testcase>
  <testcase name="T02_SearchTermTest" classname="ApiTests.Example1Test" time="1.446">
    <error message="Cannot get property &apos;title&apos; on null object" type="java.lang.IllegalArgumentException">java.lang.IllegalArgumentException: Cannot get property 'title' on null object
	at ApiTests.Example1Test.T02_SearchTermTest(Example1Test.java:44)
Caused by: java.lang.NullPointerException: Cannot get property 'title' on null object
	at ApiTests.Example1Test.T02_SearchTermTest(Example1Test.java:44)
</error>
  </testcase>
  <testcase name="T03_verifyOnlyFourVideosReturned" classname="ApiTests.Example1Test" time="1.036">
    <error message="Cannot get property &apos;id&apos; on null object" type="java.lang.IllegalArgumentException">java.lang.IllegalArgumentException: Cannot get property 'id' on null object
	at ApiTests.Example1Test.T03_verifyOnlyFourVideosReturned(Example1Test.java:51)
Caused by: java.lang.NullPointerException: Cannot get property 'id' on null object
	at ApiTests.Example1Test.T03_verifyOnlyFourVideosReturned(Example1Test.java:51)
</error>
  </testcase>
  <testcase name="T04_duplicateVideoVerification" classname="ApiTests.Example1Test" time="0.988">
    <error message="Cannot get property &apos;id&apos; on null object" type="java.lang.IllegalArgumentException">java.lang.IllegalArgumentException: Cannot get property 'id' on null object
	at ApiTests.Example1Test.T04_duplicateVideoVerification(Example1Test.java:57)
Caused by: java.lang.NullPointerException: Cannot get property 'id' on null object
	at ApiTests.Example1Test.T04_duplicateVideoVerification(Example1Test.java:57)
</error>
  </testcase>
  <testcase name="T05_printAttributes" classname="ApiTests.Example1Test" time="1.003">
    <error message="Cannot get property &apos;id&apos; on null object" type="java.lang.IllegalArgumentException">java.lang.IllegalArgumentException: Cannot get property 'id' on null object
	at ApiTests.Example1Test.printTitlePubDateDuration(Example1Test.java:78)
	at ApiTests.Example1Test.T05_printAttributes(Example1Test.java:63)
Caused by: java.lang.NullPointerException: Cannot get property 'id' on null object
	at ApiTests.Example1Test.printTitlePubDateDuration(Example1Test.java:78)
	at ApiTests.Example1Test.T05_printAttributes(Example1Test.java:63)
</error>
  </testcase>
  <testcase name="T01_StatusCodeTest" classname="ApiTests.Example2Test" time="1.002"/>
  <testcase name="T02_SearchTermTest" classname="ApiTests.Example2Test" time="1.011">
    <error message="Cannot get property &apos;id&apos; on null object" type="java.lang.IllegalArgumentException">java.lang.IllegalArgumentException: Cannot get property 'id' on null object
	at ApiTests.Example2Test.T02_SearchTermTest(Example2Test.java:47)
Caused by: java.lang.NullPointerException: Cannot get property 'id' on null object
	at ApiTests.Example2Test.T02_SearchTermTest(Example2Test.java:47)
</error>
  </testcase>
  <testcase name="T03_verifyExtraFourVideosReturned" classname="ApiTests.Example2Test" time="1.013">
    <error message="Cannot get property &apos;related&apos; on null object" type="java.lang.IllegalArgumentException">java.lang.IllegalArgumentException: Cannot get property 'related' on null object
	at ApiTests.Example2Test.T03_verifyExtraFourVideosReturned(Example2Test.java:53)
Caused by: java.lang.NullPointerException: Cannot get property 'related' on null object
	at ApiTests.Example2Test.T03_verifyExtraFourVideosReturned(Example2Test.java:53)
</error>
  </testcase>
  <testcase name="T04_duplicateVideoVerification" classname="ApiTests.Example2Test" time="22.002">
    <error message="Cannot get property &apos;id&apos; on null object" type="java.lang.IllegalArgumentException">java.lang.IllegalArgumentException: Cannot get property 'id' on null object
	at ApiTests.Example2Test.getMergedVideoLists(Example2Test.java:80)
	at ApiTests.Example2Test.T04_duplicateVideoVerification(Example2Test.java:59)
Caused by: java.lang.NullPointerException: Cannot get property 'id' on null object
	at ApiTests.Example2Test.getMergedVideoLists(Example2Test.java:80)
	at ApiTests.Example2Test.T04_duplicateVideoVerification(Example2Test.java:59)
</error>
  </testcase>
  <testcase name="T05_printAttributes" classname="ApiTests.Example2Test" time="0.972">
    <error message="Cannot get property &apos;id&apos; on null object" type="java.lang.IllegalArgumentException">java.lang.IllegalArgumentException: Cannot get property 'id' on null object
	at ApiTests.Example2Test.getMergedVideoLists(Example2Test.java:80)
	at ApiTests.Example2Test.printAttributes(Example2Test.java:85)
	at ApiTests.Example2Test.T05_printAttributes(Example2Test.java:65)
Caused by: java.lang.NullPointerException: Cannot get property 'id' on null object
	at ApiTests.Example2Test.getMergedVideoLists(Example2Test.java:80)
	at ApiTests.Example2Test.printAttributes(Example2Test.java:85)
	at ApiTests.Example2Test.T05_printAttributes(Example2Test.java:65)
</error>
  </testcase>
</testsuite>